2020-03-22 17:19:45,524  WARN [Worker-3] - ScalaProject - Project LearningScala has platform default sourceLevel.
2020-03-22 17:19:45,526  WARN [Worker-3] - ScalaProject - Project LearningScala runs on platform default installation.
2020-03-22 17:19:45,798  WARN [Worker-3] - ScalaProject - Project LearningScala has platform default sourceLevel.
2020-03-22 17:19:45,798  WARN [Worker-3] - ScalaProject - Project LearningScala runs on platform default installation.
2020-03-22 17:19:45,815  WARN [Worker-0] - ScalaProject - Project LearningScala has platform default sourceLevel.
2020-03-22 17:19:45,816  WARN [Worker-0] - ScalaProject - Project LearningScala runs on platform default installation.
2020-03-22 17:19:46,179  WARN [Worker-6] - ScalaProject - Project MySparkProjects has platform default sourceLevel.
2020-03-22 17:19:46,179  WARN [Worker-6] - ScalaProject - Project MySparkProjects runs on platform default installation.
2020-03-22 17:19:46,604  WARN [Worker-8] - ScalaProject - Project MarkLewisSparkScala has platform default sourceLevel.
2020-03-22 17:19:46,604  WARN [Worker-8] - ScalaProject - Project MarkLewisSparkScala runs on platform default installation.
2020-03-22 17:19:51,068 ERROR [Worker-8] - System.err - log4j:WARN No appenders could be found for logger (org.eclipse.jgit.util.FS).
2020-03-22 17:19:51,068 ERROR [Worker-8] - System.err - log4j:WARN Please initialize the log4j system properly.
2020-03-22 17:19:58,084  WARN [Worker-9] - ScalaProject - Project LearningScala has platform default sourceLevel.
2020-03-22 17:19:58,084  WARN [Worker-9] - ScalaProject - Project LearningScala runs on platform default installation.
2020-03-22 17:29:32,193  WARN [main] - ScalaProject - Project LearningScala has platform default sourceLevel.
2020-03-22 17:29:32,194  WARN [main] - ScalaProject - Project LearningScala runs on platform default installation.
2020-03-22 17:29:34,962 ERROR [Worker-4] - System.err - log4j:WARN No appenders could be found for logger (org.eclipse.jgit.util.FS).
2020-03-22 17:29:34,963 ERROR [Worker-4] - System.err - log4j:WARN Please initialize the log4j system properly.
2020-03-22 17:33:47,288  WARN [ModalContext] - ScalaProject - Project TestProject has platform default sourceLevel.
2020-03-22 17:33:47,288  WARN [ModalContext] - ScalaProject - Project TestProject runs on platform default installation.
2020-03-22 17:33:47,720  WARN [Worker-0] - ScalaProject - Project TestProject has platform default sourceLevel.
2020-03-22 17:33:47,720  WARN [Worker-0] - ScalaProject - Project TestProject runs on platform default installation.
2020-03-22 17:34:36,382  WARN [Worker-9] - ScalaProject - Project TestProject has platform default sourceLevel.
2020-03-22 17:34:36,382  WARN [Worker-9] - ScalaProject - Project TestProject runs on platform default installation.
2020-03-22 17:35:00,984  WARN [main] - org.scala-ide.sdt.core - org.scala-ide.sdt.core - org.scala-ide.sdt.core - 0 - Preference scala.compiler.sourceLevel was uninitialized for TestProject, setting default to 2.12.
2020-03-22 17:38:47,606  WARN [ModalContext] - ScalaProject - Project MySparkProjects has platform default sourceLevel.
2020-03-22 17:38:47,606  WARN [ModalContext] - ScalaProject - Project MySparkProjects runs on platform default installation.
2020-03-22 17:38:47,806  WARN [ModalContext] - ScalaProject - Project MySparkProjects has platform default sourceLevel.
2020-03-22 17:38:47,806  WARN [ModalContext] - ScalaProject - Project MySparkProjects runs on platform default installation.
2020-03-22 17:38:59,838  WARN [ModalContext] - ScalaProject - Project TestProject has platform default sourceLevel.
2020-03-22 17:38:59,838  WARN [ModalContext] - ScalaProject - Project TestProject runs on platform default installation.
2020-03-22 17:39:00,026  WARN [ModalContext] - ScalaProject - Project TestProject has platform default sourceLevel.
2020-03-22 17:39:00,026  WARN [ModalContext] - ScalaProject - Project TestProject runs on platform default installation.
2020-03-22 17:39:57,561  WARN [ModalContext] - ScalaProject - Project MyScalaProjects has platform default sourceLevel.
2020-03-22 17:39:57,561  WARN [ModalContext] - ScalaProject - Project MyScalaProjects runs on platform default installation.
2020-03-22 17:39:57,794  WARN [Worker-11] - ScalaProject - Project MyScalaProjects has platform default sourceLevel.
2020-03-22 17:39:57,794  WARN [Worker-11] - ScalaProject - Project MyScalaProjects runs on platform default installation.
2020-03-22 17:40:16,837  WARN [Worker-8] - ScalaProject - Project MyScalaProjects has platform default sourceLevel.
2020-03-22 17:40:16,837  WARN [Worker-8] - ScalaProject - Project MyScalaProjects runs on platform default installation.
2020-03-22 17:40:24,164  WARN [main] - ScalaProject - Project MyScalaProjects has platform default sourceLevel.
2020-03-22 17:40:24,164  WARN [main] - ScalaProject - Project MyScalaProjects runs on platform default installation.
2020-03-22 17:40:30,607  WARN [main] - ScalaProject - Project MyScalaProjects has platform default sourceLevel.
2020-03-22 17:40:30,608  WARN [main] - ScalaProject - Project MyScalaProjects runs on platform default installation.
2020-03-22 17:40:30,749  WARN [Worker-3] - ScalaProject - Project MyScalaProjects has platform default sourceLevel.
2020-03-22 17:40:30,749  WARN [Worker-3] - ScalaProject - Project MyScalaProjects runs on platform default installation.
2020-03-22 17:41:36,340  WARN [Worker-4] - ScalaProject - Project MyScalaProjects has platform default sourceLevel.
2020-03-22 17:41:36,340  WARN [Worker-4] - ScalaProject - Project MyScalaProjects runs on platform default installation.
2020-03-22 17:41:49,948  WARN [main] - ScalaProject - Project MyScalaProjects has platform default sourceLevel.
2020-03-22 17:41:49,948  WARN [main] - ScalaProject - Project MyScalaProjects runs on platform default installation.
2020-03-22 17:41:50,153  WARN [Worker-5] - ScalaProject - Project MyScalaProjects has platform default sourceLevel.
2020-03-22 17:41:50,153  WARN [Worker-5] - ScalaProject - Project MyScalaProjects runs on platform default installation.
2020-03-22 17:42:04,085  WARN [Worker-10] - ScalaProject - Project MyScalaProjects has platform default sourceLevel.
2020-03-22 17:42:04,085  WARN [Worker-10] - ScalaProject - Project MyScalaProjects runs on platform default installation.
2020-03-22 17:42:31,355  WARN [Worker-12] - ScalaProject - Project MyScalaProjects has platform default sourceLevel.
2020-03-22 17:42:31,355  WARN [Worker-12] - ScalaProject - Project MyScalaProjects runs on platform default installation.
2020-03-22 17:42:35,471  WARN [Worker-8] - ScalaProject - Project MyScalaProjects has platform default sourceLevel.
2020-03-22 17:42:35,471  WARN [Worker-8] - ScalaProject - Project MyScalaProjects runs on platform default installation.
2020-03-22 17:42:42,173  WARN [Worker-3] - ScalaProject - Project MyScalaProjects has platform default sourceLevel.
2020-03-22 17:42:42,173  WARN [Worker-3] - ScalaProject - Project MyScalaProjects runs on platform default installation.
2020-03-22 17:42:57,325  WARN [Worker-2] - ScalaProject - Project MyScalaProjects has platform default sourceLevel.
2020-03-22 17:42:57,325  WARN [Worker-2] - ScalaProject - Project MyScalaProjects runs on platform default installation.
2020-03-22 17:43:10,905  WARN [Worker-12] - ScalaProject - Project MyScalaProjects has platform default sourceLevel.
2020-03-22 17:43:10,905  WARN [Worker-12] - ScalaProject - Project MyScalaProjects runs on platform default installation.
2020-03-22 17:43:11,311 ERROR [Text Viewer Hover Presenter] - IScalaPresentationCompiler$ - Ignoring InterruptException
2020-03-22 17:43:11,311 ERROR [Text Viewer Hover Presenter] - IScalaPresentationCompiler$ - Ignoring InterruptException
2020-03-22 17:43:11,311 ERROR [Text Viewer Hover Presenter] - IScalaPresentationCompiler$ - Ignoring InterruptException
2020-03-22 17:43:38,344  WARN [Worker-2] - ScalaProject - Project MyScalaProjects has platform default sourceLevel.
2020-03-22 17:43:38,344  WARN [Worker-2] - ScalaProject - Project MyScalaProjects runs on platform default installation.
2020-03-22 17:43:38,979  WARN [Worker-9] - ScalaProject - Project MyScalaProjects has platform default sourceLevel.
2020-03-22 17:43:38,979  WARN [Worker-9] - ScalaProject - Project MyScalaProjects runs on platform default installation.
2020-03-23 20:07:12,437  WARN [main] - ScalaProject - Project LearningScala has platform default sourceLevel.
2020-03-23 20:07:12,439  WARN [main] - ScalaProject - Project LearningScala runs on platform default installation.
2020-03-23 20:07:14,559 ERROR [Worker-4] - System.err - log4j:WARN No appenders could be found for logger (org.eclipse.jgit.util.FS).
2020-03-23 20:07:14,560 ERROR [Worker-4] - System.err - log4j:WARN Please initialize the log4j system properly.
2020-03-24 13:41:10,998  WARN [main] - ScalaProject - Project LearningScala has platform default sourceLevel.
2020-03-24 13:41:11,000  WARN [main] - ScalaProject - Project LearningScala runs on platform default installation.
2020-03-24 13:41:13,691 ERROR [Worker-5] - System.err - log4j:WARN No appenders could be found for logger (org.eclipse.jgit.util.FS).
2020-03-24 13:41:13,692 ERROR [Worker-5] - System.err - log4j:WARN Please initialize the log4j system properly.
2020-03-24 19:19:45,787  WARN [main] - ScalaProject - Project LearningScala has platform default sourceLevel.
2020-03-24 19:19:45,790  WARN [main] - ScalaProject - Project LearningScala runs on platform default installation.
2020-03-24 19:19:52,675 ERROR [Worker-5] - System.err - log4j:WARN No appenders could be found for logger (org.eclipse.jgit.util.FS).
2020-03-24 19:19:52,677 ERROR [Worker-5] - System.err - log4j:WARN Please initialize the log4j system properly.
2020-03-26 19:13:52,672  WARN [main] - ScalaProject - Project LearningScala has platform default sourceLevel.
2020-03-26 19:13:52,674  WARN [main] - ScalaProject - Project LearningScala runs on platform default installation.
2020-03-26 19:13:55,223 ERROR [Worker-2] - System.err - log4j:WARN No appenders could be found for logger (org.eclipse.jgit.util.FS).
2020-03-26 19:13:55,225 ERROR [Worker-2] - System.err - log4j:WARN Please initialize the log4j system properly.
2020-03-28 13:35:49,654  WARN [main] - ScalaProject - Project LearningScala has platform default sourceLevel.
2020-03-28 13:35:49,654  WARN [main] - ScalaProject - Project LearningScala runs on platform default installation.
2020-03-28 13:35:52,666 ERROR [Worker-4] - System.err - log4j:WARN No appenders could be found for logger (org.eclipse.jgit.util.FS).
2020-03-28 13:35:52,666 ERROR [Worker-4] - System.err - log4j:WARN Please initialize the log4j system properly.
2020-03-30 12:50:32,578  WARN [main] - ScalaProject - Project LearningScala has platform default sourceLevel.
2020-03-30 12:50:32,582  WARN [main] - ScalaProject - Project LearningScala runs on platform default installation.
2020-03-30 12:50:34,435 ERROR [Worker-2] - System.err - log4j:WARN No appenders could be found for logger (org.eclipse.jgit.util.FS).
2020-03-30 12:50:34,437 ERROR [Worker-2] - System.err - log4j:WARN Please initialize the log4j system properly.
2020-03-30 13:05:11,150  WARN [Worker-2] - ScalaProject - Project LearningScala has platform default sourceLevel.
2020-03-30 13:05:11,150  WARN [Worker-2] - ScalaProject - Project LearningScala runs on platform default installation.
2020-03-30 13:05:11,158  WARN [Worker-2] - ScalaProject - Project LearningScala has platform default sourceLevel.
2020-03-30 13:05:11,158  WARN [Worker-2] - ScalaProject - Project LearningScala runs on platform default installation.
2020-03-30 14:16:16,196  WARN [main] - ScalaProject - Project LearningScala has platform default sourceLevel.
2020-03-30 14:16:16,198  WARN [main] - ScalaProject - Project LearningScala runs on platform default installation.
2020-03-30 14:16:18,845 ERROR [Worker-5] - System.err - log4j:WARN No appenders could be found for logger (org.eclipse.jgit.util.FS).
2020-03-30 14:16:18,845 ERROR [Worker-5] - System.err - log4j:WARN Please initialize the log4j system properly.
2020-03-30 14:20:08,825  WARN [main] - ScalaProject - Project BigDataAnalyticswithSpark has platform default sourceLevel.
2020-03-30 14:20:08,825  WARN [main] - ScalaProject - Project BigDataAnalyticswithSpark runs on platform default installation.
2020-03-30 14:20:08,826 ERROR [main] - ScalaProject - Java Model Exception: Java Model Status [BigDataAnalyticswithSpark does not exist]
2020-03-30 14:20:08,826 ERROR [main] - ScalaProject - Java Model Exception: Java Model Status [BigDataAnalyticswithSpark does not exist]
2020-03-30 14:20:09,157 ERROR [main] - org.scala-ide.sdt.core - org.scala-ide.sdt.core - org.scala-ide.sdt.core - 0 - Error thrown while initializing the presentation compiler.
Java Model Exception: Java Model Status [BigDataAnalyticswithSpark does not exist]
	at org.eclipse.jdt.internal.core.JavaElement.newNotPresentException(JavaElement.java:556)
	at org.eclipse.jdt.internal.core.JavaModelManager.getPerProjectInfoCheckExistence(JavaModelManager.java:2451)
	at org.eclipse.jdt.internal.core.JavaProject.getPerProjectInfo(JavaProject.java:1903)
	at org.eclipse.jdt.internal.core.JavaProject.getRawClasspath(JavaProject.java:1925)
	at org.scalaide.core.internal.project.ClasspathManagement.jdkPaths(ClasspathManagement.scala:149)
	at org.scalaide.core.internal.project.ClasspathManagement.jdkPaths$(ClasspathManagement.scala:148)
	at org.scalaide.core.internal.project.ScalaProject.jdkPaths(ScalaProject.scala:150)
	at org.scalaide.core.internal.project.ClasspathManagement.scalaClasspath(ClasspathManagement.scala:136)
	at org.scalaide.core.internal.project.ClasspathManagement.scalaClasspath$(ClasspathManagement.scala:135)
	at org.scalaide.core.internal.project.ScalaProject.scalaClasspath(ScalaProject.scala:150)
	at org.scalaide.core.internal.project.ScalaProject.setupCompilerClasspath(ScalaProject.scala:498)
	at org.scalaide.core.internal.project.ScalaProject.initializeCompilerSettings(ScalaProject.scala:485)
	at org.scalaide.core.internal.project.ScalaProject.prepareCompilerSettings(ScalaProject.scala:438)
	at org.scalaide.core.internal.project.ScalaProject.$anonfun$presentationCompiler$1(ScalaProject.scala:162)
	at org.scalaide.core.internal.compiler.PresentationCompilerProxy.liftedTree1$1(PresentationCompilerProxy.scala:154)
	at org.scalaide.core.internal.compiler.PresentationCompilerProxy.create(PresentationCompilerProxy.scala:153)
	at org.scalaide.core.internal.compiler.PresentationCompilerProxy.initialize(PresentationCompilerProxy.scala:118)
	at org.scalaide.core.internal.compiler.PresentationCompilerProxy.obtainPc$1(PresentationCompilerProxy.scala:80)
	at org.scalaide.core.internal.compiler.PresentationCompilerProxy.internal(PresentationCompilerProxy.scala:100)
	at org.scalaide.core.internal.jdt.model.ScalaCompilationUnit.buildStructure(ScalaCompilationUnit.scala:113)
	at org.scalaide.core.internal.jdt.model.ScalaCompilationUnit.buildStructure$(ScalaCompilationUnit.scala:110)
	at org.scalaide.core.internal.jdt.model.ScalaSourceFile.buildStructure(ScalaSourceFile.scala:71)
	at org.eclipse.jdt.internal.core.Openable.generateInfos(Openable.java:259)
	at org.eclipse.jdt.internal.core.JavaElement.openWhenClosed(JavaElement.java:579)
	at org.eclipse.jdt.internal.core.BecomeWorkingCopyOperation.executeOperation(BecomeWorkingCopyOperation.java:39)
	at org.eclipse.jdt.internal.core.JavaModelOperation.run(JavaModelOperation.java:724)
	at org.eclipse.jdt.internal.core.JavaModelOperation.runOperation(JavaModelOperation.java:790)
	at org.eclipse.jdt.internal.core.CompilationUnit.becomeWorkingCopy(CompilationUnit.java:99)
	at org.eclipse.jdt.internal.ui.javaeditor.CompilationUnitDocumentProvider.createFileInfo(CompilationUnitDocumentProvider.java:1031)
	at org.eclipse.ui.editors.text.TextFileDocumentProvider.connect(TextFileDocumentProvider.java:478)
	at org.eclipse.jdt.internal.ui.javaeditor.CompilationUnitDocumentProvider.connect(CompilationUnitDocumentProvider.java:1274)
	at org.eclipse.ui.texteditor.AbstractTextEditor.doSetInput(AbstractTextEditor.java:4178)
	at org.eclipse.ui.texteditor.StatusTextEditor.doSetInput(StatusTextEditor.java:257)
	at org.eclipse.ui.texteditor.AbstractDecoratedTextEditor.doSetInput(AbstractDecoratedTextEditor.java:1466)
	at org.eclipse.jdt.internal.ui.javaeditor.JavaEditor.internalDoSetInput(JavaEditor.java:2557)
	at org.eclipse.jdt.internal.ui.javaeditor.JavaEditor.doSetInput(JavaEditor.java:2530)
	at org.eclipse.jdt.internal.ui.javaeditor.CompilationUnitEditor.doSetInput(CompilationUnitEditor.java:1417)
	at org.eclipse.ui.texteditor.AbstractTextEditor$5.run(AbstractTextEditor.java:3154)
	at org.eclipse.jface.operation.ModalContext.runInCurrentThread(ModalContext.java:437)
	at org.eclipse.jface.operation.ModalContext.run(ModalContext.java:353)
	at org.eclipse.ui.internal.WorkbenchWindow$14.run(WorkbenchWindow.java:2195)
	at org.eclipse.swt.custom.BusyIndicator.showWhile(BusyIndicator.java:70)
	at org.eclipse.ui.internal.WorkbenchWindow.run(WorkbenchWindow.java:2191)
	at org.eclipse.ui.texteditor.AbstractTextEditor.internalInit(AbstractTextEditor.java:3172)
	at org.eclipse.ui.texteditor.AbstractTextEditor.init(AbstractTextEditor.java:3197)
	at org.eclipse.ui.internal.EditorReference.initialize(EditorReference.java:362)
	at org.eclipse.ui.internal.e4.compatibility.CompatibilityPart.create(CompatibilityPart.java:333)
	at sun.reflect.NativeMethodAccessorImpl.invoke0(Native Method)
	at sun.reflect.NativeMethodAccessorImpl.invoke(NativeMethodAccessorImpl.java:62)
	at sun.reflect.DelegatingMethodAccessorImpl.invoke(DelegatingMethodAccessorImpl.java:43)
	at java.lang.reflect.Method.invoke(Method.java:498)
	at org.eclipse.e4.core.internal.di.MethodRequestor.execute(MethodRequestor.java:55)
	at org.eclipse.e4.core.internal.di.InjectorImpl.processAnnotated(InjectorImpl.java:990)
	at org.eclipse.e4.core.internal.di.InjectorImpl.processAnnotated(InjectorImpl.java:955)
	at org.eclipse.e4.core.internal.di.InjectorImpl.inject(InjectorImpl.java:124)
	at org.eclipse.e4.core.internal.di.InjectorImpl.internalMake(InjectorImpl.java:399)
	at org.eclipse.e4.core.internal.di.InjectorImpl.make(InjectorImpl.java:318)
	at org.eclipse.e4.core.contexts.ContextInjectionFactory.make(ContextInjectionFactory.java:162)
	at org.eclipse.e4.ui.internal.workbench.ReflectionContributionFactory.createFromBundle(ReflectionContributionFactory.java:105)
	at org.eclipse.e4.ui.internal.workbench.ReflectionContributionFactory.doCreate(ReflectionContributionFactory.java:74)
	at org.eclipse.e4.ui.internal.workbench.ReflectionContributionFactory.create(ReflectionContributionFactory.java:56)
	at org.eclipse.e4.ui.workbench.renderers.swt.ContributedPartRenderer.createWidget(ContributedPartRenderer.java:129)
	at org.eclipse.e4.ui.internal.workbench.swt.PartRenderingEngine.createWidget(PartRenderingEngine.java:992)
	at org.eclipse.e4.ui.internal.workbench.swt.PartRenderingEngine.safeCreateGui(PartRenderingEngine.java:661)
	at org.eclipse.e4.ui.internal.workbench.swt.PartRenderingEngine.safeCreateGui(PartRenderingEngine.java:767)
	at org.eclipse.e4.ui.internal.workbench.swt.PartRenderingEngine.access$0(PartRenderingEngine.java:738)
	at org.eclipse.e4.ui.internal.workbench.swt.PartRenderingEngine$2.run(PartRenderingEngine.java:732)
	at org.eclipse.core.runtime.SafeRunner.run(SafeRunner.java:42)
	at org.eclipse.e4.ui.internal.workbench.swt.PartRenderingEngine.createGui(PartRenderingEngine.java:716)
	at org.eclipse.e4.ui.internal.workbench.PartServiceImpl$1.handleEvent(PartServiceImpl.java:104)
	at org.eclipse.e4.ui.services.internal.events.UIEventHandler$1.run(UIEventHandler.java:40)
	at org.eclipse.swt.widgets.Synchronizer.syncExec(Synchronizer.java:233)
	at org.eclipse.ui.internal.UISynchronizer.syncExec(UISynchronizer.java:144)
	at org.eclipse.swt.widgets.Display.syncExec(Display.java:4889)
	at org.eclipse.e4.ui.internal.workbench.swt.E4Application$1.syncExec(E4Application.java:212)
	at org.eclipse.e4.ui.services.internal.events.UIEventHandler.handleEvent(UIEventHandler.java:36)
	at org.eclipse.equinox.internal.event.EventHandlerWrapper.handleEvent(EventHandlerWrapper.java:201)
	at org.eclipse.equinox.internal.event.EventHandlerTracker.dispatchEvent(EventHandlerTracker.java:197)
	at org.eclipse.equinox.internal.event.EventHandlerTracker.dispatchEvent(EventHandlerTracker.java:1)
	at org.eclipse.osgi.framework.eventmgr.EventManager.dispatchEvent(EventManager.java:230)
	at org.eclipse.osgi.framework.eventmgr.ListenerQueue.dispatchEventSynchronous(ListenerQueue.java:148)
	at org.eclipse.equinox.internal.event.EventAdminImpl.dispatchEvent(EventAdminImpl.java:135)
	at org.eclipse.equinox.internal.event.EventAdminImpl.sendEvent(EventAdminImpl.java:78)
	at org.eclipse.equinox.internal.event.EventComponent.sendEvent(EventComponent.java:39)
	at org.eclipse.e4.ui.services.internal.events.EventBroker.send(EventBroker.java:52)
	at org.eclipse.e4.ui.internal.workbench.UIEventPublisher.notifyChanged(UIEventPublisher.java:60)
	at org.eclipse.emf.common.notify.impl.BasicNotifierImpl.eNotify(BasicNotifierImpl.java:374)
	at org.eclipse.e4.ui.model.application.ui.impl.ElementContainerImpl.setSelectedElement(ElementContainerImpl.java:173)
	at org.eclipse.e4.ui.internal.workbench.ModelServiceImpl.showElementInWindow(ModelServiceImpl.java:620)
	at org.eclipse.e4.ui.internal.workbench.ModelServiceImpl.bringToTop(ModelServiceImpl.java:584)
	at org.eclipse.e4.ui.internal.workbench.PartServiceImpl.delegateBringToTop(PartServiceImpl.java:769)
	at org.eclipse.e4.ui.internal.workbench.PartServiceImpl.bringToTop(PartServiceImpl.java:401)
	at org.eclipse.e4.ui.internal.workbench.PartServiceImpl.showPart(PartServiceImpl.java:1188)
	at org.eclipse.ui.internal.WorkbenchPage.busyOpenEditor(WorkbenchPage.java:3261)
	at org.eclipse.ui.internal.WorkbenchPage.access$25(WorkbenchPage.java:3176)
	at org.eclipse.ui.internal.WorkbenchPage$10.run(WorkbenchPage.java:3158)
	at org.eclipse.swt.custom.BusyIndicator.showWhile(BusyIndicator.java:70)
	at org.eclipse.ui.internal.WorkbenchPage.openEditor(WorkbenchPage.java:3153)
	at org.eclipse.ui.internal.WorkbenchPage.openEditor(WorkbenchPage.java:3117)
	at org.eclipse.ui.internal.WorkbenchPage.openEditor(WorkbenchPage.java:3107)
	at org.eclipse.ui.ide.IDE.openEditor(IDE.java:563)
	at org.eclipse.ui.ide.IDE.openEditor(IDE.java:518)
	at org.eclipse.jdt.internal.ui.javaeditor.EditorUtility.openInEditor(EditorUtility.java:360)
	at org.eclipse.jdt.internal.ui.javaeditor.EditorUtility.openInEditor(EditorUtility.java:167)
	at org.eclipse.jdt.ui.actions.OpenAction.run(OpenAction.java:256)
	at org.eclipse.jdt.ui.actions.OpenAction.run(OpenAction.java:221)
	at org.eclipse.jdt.ui.actions.SelectionDispatchAction.dispatchRun(SelectionDispatchAction.java:271)
	at org.eclipse.jdt.ui.actions.SelectionDispatchAction.run(SelectionDispatchAction.java:249)
	at org.eclipse.jdt.internal.ui.packageview.PackageExplorerActionGroup.handleOpen(PackageExplorerActionGroup.java:379)
	at org.eclipse.jdt.internal.ui.packageview.PackageExplorerPart$4.open(PackageExplorerPart.java:540)
	at org.eclipse.ui.OpenAndLinkWithEditorHelper$InternalListener.open(OpenAndLinkWithEditorHelper.java:46)
	at org.eclipse.jface.viewers.StructuredViewer$2.run(StructuredViewer.java:851)
	at org.eclipse.core.runtime.SafeRunner.run(SafeRunner.java:42)
	at org.eclipse.ui.internal.JFaceUtil.lambda$0(JFaceUtil.java:44)
	at org.eclipse.jface.util.SafeRunnable.run(SafeRunnable.java:173)
	at org.eclipse.jface.viewers.StructuredViewer.fireOpen(StructuredViewer.java:848)
	at org.eclipse.jface.viewers.StructuredViewer.handleOpen(StructuredViewer.java:1163)
	at org.eclipse.jface.util.OpenStrategy.fireOpenEvent(OpenStrategy.java:273)
	at org.eclipse.jface.util.OpenStrategy.access$2(OpenStrategy.java:268)
	at org.eclipse.jface.util.OpenStrategy$1.handleEvent(OpenStrategy.java:308)
	at org.eclipse.swt.widgets.EventTable.sendEvent(EventTable.java:86)
	at org.eclipse.swt.widgets.Display.sendEvent(Display.java:4428)
	at org.eclipse.swt.widgets.Widget.sendEvent(Widget.java:1079)
	at org.eclipse.swt.widgets.Display.runDeferredEvents(Display.java:4238)
	at org.eclipse.swt.widgets.Display.readAndDispatch(Display.java:3817)
	at org.eclipse.e4.ui.internal.workbench.swt.PartRenderingEngine$5.run(PartRenderingEngine.java:1150)
	at org.eclipse.core.databinding.observable.Realm.runWithDefault(Realm.java:336)
	at org.eclipse.e4.ui.internal.workbench.swt.PartRenderingEngine.run(PartRenderingEngine.java:1039)
	at org.eclipse.e4.ui.internal.workbench.E4Workbench.createAndRunUI(E4Workbench.java:153)
	at org.eclipse.ui.internal.Workbench.lambda$3(Workbench.java:680)
	at org.eclipse.core.databinding.observable.Realm.runWithDefault(Realm.java:336)
	at org.eclipse.ui.internal.Workbench.createAndRunWorkbench(Workbench.java:594)
	at org.eclipse.ui.PlatformUI.createAndRunWorkbench(PlatformUI.java:148)
	at org.eclipse.ui.internal.ide.application.IDEApplication.start(IDEApplication.java:151)
	at org.eclipse.equinox.internal.app.EclipseAppHandle.run(EclipseAppHandle.java:196)
	at org.eclipse.core.runtime.internal.adaptor.EclipseAppLauncher.runApplication(EclipseAppLauncher.java:134)
	at org.eclipse.core.runtime.internal.adaptor.EclipseAppLauncher.start(EclipseAppLauncher.java:104)
	at org.eclipse.core.runtime.adaptor.EclipseStarter.run(EclipseStarter.java:388)
	at org.eclipse.core.runtime.adaptor.EclipseStarter.run(EclipseStarter.java:243)
	at sun.reflect.NativeMethodAccessorImpl.invoke0(Native Method)
	at sun.reflect.NativeMethodAccessorImpl.invoke(NativeMethodAccessorImpl.java:62)
	at sun.reflect.DelegatingMethodAccessorImpl.invoke(DelegatingMethodAccessorImpl.java:43)
	at java.lang.reflect.Method.invoke(Method.java:498)
	at org.eclipse.equinox.launcher.Main.invokeFramework(Main.java:653)
	at org.eclipse.equinox.launcher.Main.basicRun(Main.java:590)
	at org.eclipse.equinox.launcher.Main.run(Main.java:1499)
2020-03-30 14:20:19,617  WARN [main] - ScalaProject - Project BigDataAnalyticswithSpark has platform default sourceLevel.
2020-03-30 14:20:19,618  WARN [main] - ScalaProject - Project BigDataAnalyticswithSpark runs on platform default installation.
2020-03-30 14:20:19,618 ERROR [main] - ScalaProject - Java Model Exception: Java Model Status [BigDataAnalyticswithSpark does not exist]
2020-03-30 14:20:19,618 ERROR [main] - ScalaProject - Java Model Exception: Java Model Status [BigDataAnalyticswithSpark does not exist]
2020-03-30 14:20:19,821 ERROR [main] - org.scala-ide.sdt.core - org.scala-ide.sdt.core - org.scala-ide.sdt.core - 0 - Error thrown while initializing the presentation compiler.
Java Model Exception: Java Model Status [BigDataAnalyticswithSpark does not exist]
	at org.eclipse.jdt.internal.core.JavaElement.newNotPresentException(JavaElement.java:556)
	at org.eclipse.jdt.internal.core.JavaModelManager.getPerProjectInfoCheckExistence(JavaModelManager.java:2451)
	at org.eclipse.jdt.internal.core.JavaProject.getPerProjectInfo(JavaProject.java:1903)
	at org.eclipse.jdt.internal.core.JavaProject.getRawClasspath(JavaProject.java:1925)
	at org.scalaide.core.internal.project.ClasspathManagement.jdkPaths(ClasspathManagement.scala:149)
	at org.scalaide.core.internal.project.ClasspathManagement.jdkPaths$(ClasspathManagement.scala:148)
	at org.scalaide.core.internal.project.ScalaProject.jdkPaths(ScalaProject.scala:150)
	at org.scalaide.core.internal.project.ClasspathManagement.scalaClasspath(ClasspathManagement.scala:136)
	at org.scalaide.core.internal.project.ClasspathManagement.scalaClasspath$(ClasspathManagement.scala:135)
	at org.scalaide.core.internal.project.ScalaProject.scalaClasspath(ScalaProject.scala:150)
	at org.scalaide.core.internal.project.ScalaProject.setupCompilerClasspath(ScalaProject.scala:498)
	at org.scalaide.core.internal.project.ScalaProject.initializeCompilerSettings(ScalaProject.scala:485)
	at org.scalaide.core.internal.project.ScalaProject.prepareCompilerSettings(ScalaProject.scala:438)
	at org.scalaide.core.internal.project.ScalaProject.$anonfun$presentationCompiler$1(ScalaProject.scala:162)
	at org.scalaide.core.internal.compiler.PresentationCompilerProxy.liftedTree1$1(PresentationCompilerProxy.scala:154)
	at org.scalaide.core.internal.compiler.PresentationCompilerProxy.create(PresentationCompilerProxy.scala:153)
	at org.scalaide.core.internal.compiler.PresentationCompilerProxy.initialize(PresentationCompilerProxy.scala:118)
	at org.scalaide.core.internal.compiler.PresentationCompilerProxy.obtainPc$1(PresentationCompilerProxy.scala:80)
	at org.scalaide.core.internal.compiler.PresentationCompilerProxy.internal(PresentationCompilerProxy.scala:100)
	at org.scalaide.core.internal.jdt.model.ScalaCompilationUnit.buildStructure(ScalaCompilationUnit.scala:113)
	at org.scalaide.core.internal.jdt.model.ScalaCompilationUnit.buildStructure$(ScalaCompilationUnit.scala:110)
	at org.scalaide.core.internal.jdt.model.ScalaSourceFile.buildStructure(ScalaSourceFile.scala:71)
	at org.eclipse.jdt.internal.core.Openable.generateInfos(Openable.java:259)
	at org.eclipse.jdt.internal.core.JavaElement.openWhenClosed(JavaElement.java:579)
	at org.eclipse.jdt.internal.core.BecomeWorkingCopyOperation.executeOperation(BecomeWorkingCopyOperation.java:39)
	at org.eclipse.jdt.internal.core.JavaModelOperation.run(JavaModelOperation.java:724)
	at org.eclipse.jdt.internal.core.JavaModelOperation.runOperation(JavaModelOperation.java:790)
	at org.eclipse.jdt.internal.core.CompilationUnit.becomeWorkingCopy(CompilationUnit.java:99)
	at org.eclipse.jdt.internal.ui.javaeditor.CompilationUnitDocumentProvider.createFileInfo(CompilationUnitDocumentProvider.java:1031)
	at org.eclipse.ui.editors.text.TextFileDocumentProvider.connect(TextFileDocumentProvider.java:478)
	at org.eclipse.jdt.internal.ui.javaeditor.CompilationUnitDocumentProvider.connect(CompilationUnitDocumentProvider.java:1274)
	at org.eclipse.ui.texteditor.AbstractTextEditor.doSetInput(AbstractTextEditor.java:4178)
	at org.eclipse.ui.texteditor.StatusTextEditor.doSetInput(StatusTextEditor.java:257)
	at org.eclipse.ui.texteditor.AbstractDecoratedTextEditor.doSetInput(AbstractDecoratedTextEditor.java:1466)
	at org.eclipse.jdt.internal.ui.javaeditor.JavaEditor.internalDoSetInput(JavaEditor.java:2557)
	at org.eclipse.jdt.internal.ui.javaeditor.JavaEditor.doSetInput(JavaEditor.java:2530)
	at org.eclipse.jdt.internal.ui.javaeditor.CompilationUnitEditor.doSetInput(CompilationUnitEditor.java:1417)
	at org.eclipse.ui.texteditor.AbstractTextEditor$5.run(AbstractTextEditor.java:3154)
	at org.eclipse.jface.operation.ModalContext.runInCurrentThread(ModalContext.java:437)
	at org.eclipse.jface.operation.ModalContext.run(ModalContext.java:353)
	at org.eclipse.ui.internal.WorkbenchWindow$14.run(WorkbenchWindow.java:2195)
	at org.eclipse.swt.custom.BusyIndicator.showWhile(BusyIndicator.java:70)
	at org.eclipse.ui.internal.WorkbenchWindow.run(WorkbenchWindow.java:2191)
	at org.eclipse.ui.texteditor.AbstractTextEditor.internalInit(AbstractTextEditor.java:3172)
	at org.eclipse.ui.texteditor.AbstractTextEditor.init(AbstractTextEditor.java:3197)
	at org.eclipse.ui.internal.EditorReference.initialize(EditorReference.java:362)
	at org.eclipse.ui.internal.e4.compatibility.CompatibilityPart.create(CompatibilityPart.java:333)
	at sun.reflect.NativeMethodAccessorImpl.invoke0(Native Method)
	at sun.reflect.NativeMethodAccessorImpl.invoke(NativeMethodAccessorImpl.java:62)
	at sun.reflect.DelegatingMethodAccessorImpl.invoke(DelegatingMethodAccessorImpl.java:43)
	at java.lang.reflect.Method.invoke(Method.java:498)
	at org.eclipse.e4.core.internal.di.MethodRequestor.execute(MethodRequestor.java:55)
	at org.eclipse.e4.core.internal.di.InjectorImpl.processAnnotated(InjectorImpl.java:990)
	at org.eclipse.e4.core.internal.di.InjectorImpl.processAnnotated(InjectorImpl.java:955)
	at org.eclipse.e4.core.internal.di.InjectorImpl.inject(InjectorImpl.java:124)
	at org.eclipse.e4.core.internal.di.InjectorImpl.internalMake(InjectorImpl.java:399)
	at org.eclipse.e4.core.internal.di.InjectorImpl.make(InjectorImpl.java:318)
	at org.eclipse.e4.core.contexts.ContextInjectionFactory.make(ContextInjectionFactory.java:162)
	at org.eclipse.e4.ui.internal.workbench.ReflectionContributionFactory.createFromBundle(ReflectionContributionFactory.java:105)
	at org.eclipse.e4.ui.internal.workbench.ReflectionContributionFactory.doCreate(ReflectionContributionFactory.java:74)
	at org.eclipse.e4.ui.internal.workbench.ReflectionContributionFactory.create(ReflectionContributionFactory.java:56)
	at org.eclipse.e4.ui.workbench.renderers.swt.ContributedPartRenderer.createWidget(ContributedPartRenderer.java:129)
	at org.eclipse.e4.ui.internal.workbench.swt.PartRenderingEngine.createWidget(PartRenderingEngine.java:992)
	at org.eclipse.e4.ui.internal.workbench.swt.PartRenderingEngine.safeCreateGui(PartRenderingEngine.java:661)
	at org.eclipse.e4.ui.internal.workbench.swt.PartRenderingEngine.safeCreateGui(PartRenderingEngine.java:767)
	at org.eclipse.e4.ui.internal.workbench.swt.PartRenderingEngine.access$0(PartRenderingEngine.java:738)
	at org.eclipse.e4.ui.internal.workbench.swt.PartRenderingEngine$2.run(PartRenderingEngine.java:732)
	at org.eclipse.core.runtime.SafeRunner.run(SafeRunner.java:42)
	at org.eclipse.e4.ui.internal.workbench.swt.PartRenderingEngine.createGui(PartRenderingEngine.java:716)
	at org.eclipse.e4.ui.internal.workbench.PartServiceImpl$1.handleEvent(PartServiceImpl.java:104)
	at org.eclipse.e4.ui.services.internal.events.UIEventHandler$1.run(UIEventHandler.java:40)
	at org.eclipse.swt.widgets.Synchronizer.syncExec(Synchronizer.java:233)
	at org.eclipse.ui.internal.UISynchronizer.syncExec(UISynchronizer.java:144)
	at org.eclipse.swt.widgets.Display.syncExec(Display.java:4889)
	at org.eclipse.e4.ui.internal.workbench.swt.E4Application$1.syncExec(E4Application.java:212)
	at org.eclipse.e4.ui.services.internal.events.UIEventHandler.handleEvent(UIEventHandler.java:36)
	at org.eclipse.equinox.internal.event.EventHandlerWrapper.handleEvent(EventHandlerWrapper.java:201)
	at org.eclipse.equinox.internal.event.EventHandlerTracker.dispatchEvent(EventHandlerTracker.java:197)
	at org.eclipse.equinox.internal.event.EventHandlerTracker.dispatchEvent(EventHandlerTracker.java:1)
	at org.eclipse.osgi.framework.eventmgr.EventManager.dispatchEvent(EventManager.java:230)
	at org.eclipse.osgi.framework.eventmgr.ListenerQueue.dispatchEventSynchronous(ListenerQueue.java:148)
	at org.eclipse.equinox.internal.event.EventAdminImpl.dispatchEvent(EventAdminImpl.java:135)
	at org.eclipse.equinox.internal.event.EventAdminImpl.sendEvent(EventAdminImpl.java:78)
	at org.eclipse.equinox.internal.event.EventComponent.sendEvent(EventComponent.java:39)
	at org.eclipse.e4.ui.services.internal.events.EventBroker.send(EventBroker.java:52)
	at org.eclipse.e4.ui.internal.workbench.UIEventPublisher.notifyChanged(UIEventPublisher.java:60)
	at org.eclipse.emf.common.notify.impl.BasicNotifierImpl.eNotify(BasicNotifierImpl.java:374)
	at org.eclipse.e4.ui.model.application.ui.impl.ElementContainerImpl.setSelectedElement(ElementContainerImpl.java:173)
	at org.eclipse.e4.ui.internal.workbench.ModelServiceImpl.showElementInWindow(ModelServiceImpl.java:620)
	at org.eclipse.e4.ui.internal.workbench.ModelServiceImpl.bringToTop(ModelServiceImpl.java:584)
	at org.eclipse.e4.ui.internal.workbench.PartServiceImpl.delegateBringToTop(PartServiceImpl.java:769)
	at org.eclipse.e4.ui.internal.workbench.PartServiceImpl.bringToTop(PartServiceImpl.java:401)
	at org.eclipse.e4.ui.internal.workbench.PartServiceImpl.showPart(PartServiceImpl.java:1188)
	at org.eclipse.ui.internal.WorkbenchPage.busyOpenEditor(WorkbenchPage.java:3261)
	at org.eclipse.ui.internal.WorkbenchPage.access$25(WorkbenchPage.java:3176)
	at org.eclipse.ui.internal.WorkbenchPage$10.run(WorkbenchPage.java:3158)
	at org.eclipse.swt.custom.BusyIndicator.showWhile(BusyIndicator.java:70)
	at org.eclipse.ui.internal.WorkbenchPage.openEditor(WorkbenchPage.java:3153)
	at org.eclipse.ui.internal.WorkbenchPage.openEditor(WorkbenchPage.java:3117)
	at org.eclipse.ui.internal.WorkbenchPage.openEditor(WorkbenchPage.java:3107)
	at org.eclipse.ui.ide.IDE.openEditor(IDE.java:563)
	at org.eclipse.ui.ide.IDE.openEditor(IDE.java:518)
	at org.eclipse.jdt.internal.ui.javaeditor.EditorUtility.openInEditor(EditorUtility.java:360)
	at org.eclipse.jdt.internal.ui.javaeditor.EditorUtility.openInEditor(EditorUtility.java:167)
	at org.eclipse.jdt.ui.actions.OpenAction.run(OpenAction.java:256)
	at org.eclipse.jdt.ui.actions.OpenAction.run(OpenAction.java:221)
	at org.eclipse.jdt.ui.actions.SelectionDispatchAction.dispatchRun(SelectionDispatchAction.java:271)
	at org.eclipse.jdt.ui.actions.SelectionDispatchAction.run(SelectionDispatchAction.java:249)
	at org.eclipse.jdt.internal.ui.packageview.PackageExplorerActionGroup.handleOpen(PackageExplorerActionGroup.java:379)
	at org.eclipse.jdt.internal.ui.packageview.PackageExplorerPart$4.open(PackageExplorerPart.java:540)
	at org.eclipse.ui.OpenAndLinkWithEditorHelper$InternalListener.open(OpenAndLinkWithEditorHelper.java:46)
	at org.eclipse.jface.viewers.StructuredViewer$2.run(StructuredViewer.java:851)
	at org.eclipse.core.runtime.SafeRunner.run(SafeRunner.java:42)
	at org.eclipse.ui.internal.JFaceUtil.lambda$0(JFaceUtil.java:44)
	at org.eclipse.jface.util.SafeRunnable.run(SafeRunnable.java:173)
	at org.eclipse.jface.viewers.StructuredViewer.fireOpen(StructuredViewer.java:848)
	at org.eclipse.jface.viewers.StructuredViewer.handleOpen(StructuredViewer.java:1163)
	at org.eclipse.jface.util.OpenStrategy.fireOpenEvent(OpenStrategy.java:273)
	at org.eclipse.jface.util.OpenStrategy.access$2(OpenStrategy.java:268)
	at org.eclipse.jface.util.OpenStrategy$1.handleEvent(OpenStrategy.java:308)
	at org.eclipse.swt.widgets.EventTable.sendEvent(EventTable.java:86)
	at org.eclipse.swt.widgets.Display.sendEvent(Display.java:4428)
	at org.eclipse.swt.widgets.Widget.sendEvent(Widget.java:1079)
	at org.eclipse.swt.widgets.Display.runDeferredEvents(Display.java:4238)
	at org.eclipse.swt.widgets.Display.readAndDispatch(Display.java:3817)
	at org.eclipse.e4.ui.internal.workbench.swt.PartRenderingEngine$5.run(PartRenderingEngine.java:1150)
	at org.eclipse.core.databinding.observable.Realm.runWithDefault(Realm.java:336)
	at org.eclipse.e4.ui.internal.workbench.swt.PartRenderingEngine.run(PartRenderingEngine.java:1039)
	at org.eclipse.e4.ui.internal.workbench.E4Workbench.createAndRunUI(E4Workbench.java:153)
	at org.eclipse.ui.internal.Workbench.lambda$3(Workbench.java:680)
	at org.eclipse.core.databinding.observable.Realm.runWithDefault(Realm.java:336)
	at org.eclipse.ui.internal.Workbench.createAndRunWorkbench(Workbench.java:594)
	at org.eclipse.ui.PlatformUI.createAndRunWorkbench(PlatformUI.java:148)
	at org.eclipse.ui.internal.ide.application.IDEApplication.start(IDEApplication.java:151)
	at org.eclipse.equinox.internal.app.EclipseAppHandle.run(EclipseAppHandle.java:196)
	at org.eclipse.core.runtime.internal.adaptor.EclipseAppLauncher.runApplication(EclipseAppLauncher.java:134)
	at org.eclipse.core.runtime.internal.adaptor.EclipseAppLauncher.start(EclipseAppLauncher.java:104)
	at org.eclipse.core.runtime.adaptor.EclipseStarter.run(EclipseStarter.java:388)
	at org.eclipse.core.runtime.adaptor.EclipseStarter.run(EclipseStarter.java:243)
	at sun.reflect.NativeMethodAccessorImpl.invoke0(Native Method)
	at sun.reflect.NativeMethodAccessorImpl.invoke(NativeMethodAccessorImpl.java:62)
	at sun.reflect.DelegatingMethodAccessorImpl.invoke(DelegatingMethodAccessorImpl.java:43)
	at java.lang.reflect.Method.invoke(Method.java:498)
	at org.eclipse.equinox.launcher.Main.invokeFramework(Main.java:653)
	at org.eclipse.equinox.launcher.Main.basicRun(Main.java:590)
	at org.eclipse.equinox.launcher.Main.run(Main.java:1499)
2020-03-30 17:56:00,420  WARN [org.scalaide.ui.internal.reconciliation.ScalaReconciler] - TraverserImpl$ - Skipping annotation, position length = 0, position offset = 152
2020-03-30 17:56:00,422  WARN [org.scalaide.ui.internal.reconciliation.ScalaReconciler] - TraverserImpl$ - Skipping annotation, position length = 0, position offset = 152
2020-03-30 17:56:02,449  WARN [org.scalaide.ui.internal.reconciliation.ScalaReconciler] - TraverserImpl$ - Skipping annotation, position length = 0, position offset = 151
2020-03-30 17:56:02,449  WARN [org.scalaide.ui.internal.reconciliation.ScalaReconciler] - TraverserImpl$ - Skipping annotation, position length = 0, position offset = 151
2020-03-30 17:56:03,464  WARN [org.scalaide.ui.internal.reconciliation.ScalaReconciler] - TraverserImpl$ - Skipping annotation, position length = 0, position offset = 163
2020-03-30 17:56:03,464  WARN [org.scalaide.ui.internal.reconciliation.ScalaReconciler] - TraverserImpl$ - Skipping annotation, position length = 0, position offset = 163
2020-03-30 18:12:54,209 ERROR [Text Viewer Hover Presenter] - IScalaPresentationCompiler$ - Ignoring InterruptException
2020-03-30 18:12:54,209 ERROR [Text Viewer Hover Presenter] - IScalaPresentationCompiler$ - Ignoring InterruptException
2020-03-30 18:12:54,209 ERROR [Text Viewer Hover Presenter] - IScalaPresentationCompiler$ - Ignoring InterruptException
2020-03-30 18:12:54,209 ERROR [Text Viewer Hover Presenter] - IScalaPresentationCompiler$ - Ignoring InterruptException
2020-03-30 18:12:54,209 ERROR [Text Viewer Hover Presenter] - IScalaPresentationCompiler$ - Ignoring InterruptException
2020-03-30 18:12:54,209 ERROR [Text Viewer Hover Presenter] - IScalaPresentationCompiler$ - Ignoring InterruptException
2020-03-30 18:12:54,210 ERROR [Text Viewer Hover Presenter] - IScalaPresentationCompiler$ - Ignoring InterruptException
2020-03-30 18:12:54,210 ERROR [Text Viewer Hover Presenter] - IScalaPresentationCompiler$ - Ignoring InterruptException
2020-03-30 18:12:54,210 ERROR [Text Viewer Hover Presenter] - IScalaPresentationCompiler$ - Ignoring InterruptException
2020-03-30 18:12:54,210 ERROR [Text Viewer Hover Presenter] - IScalaPresentationCompiler$ - Ignoring InterruptException
2020-03-30 18:12:54,210 ERROR [Text Viewer Hover Presenter] - IScalaPresentationCompiler$ - Ignoring InterruptException
2020-04-01 15:31:57,390  WARN [main] - ScalaProject - Project LearningScala has platform default sourceLevel.
2020-04-01 15:31:57,394  WARN [main] - ScalaProject - Project LearningScala runs on platform default installation.
2020-04-01 15:32:01,383 ERROR [Worker-5] - System.err - log4j:WARN No appenders could be found for logger (org.eclipse.jgit.util.FS).
2020-04-01 15:32:01,385 ERROR [Worker-5] - System.err - log4j:WARN Please initialize the log4j system properly.
2020-04-02 08:53:22,503  WARN [main] - ScalaProject - Project LearningScala has platform default sourceLevel.
2020-04-02 08:53:22,503  WARN [main] - ScalaProject - Project LearningScala runs on platform default installation.
2020-04-02 08:53:24,409 ERROR [Worker-5] - System.err - log4j:WARN No appenders could be found for logger (org.eclipse.jgit.util.FS).
2020-04-02 08:53:24,409 ERROR [Worker-5] - System.err - log4j:WARN Please initialize the log4j system properly.
2020-04-03 12:51:45,569  WARN [org.scalaide.ui.internal.reconciliation.ScalaReconciler] - ImplicitHighlightingPresenter - Timeout while waiting for `askLoadedTyped` during semantic highlighting.
2020-04-03 12:51:45,569  WARN [org.scalaide.ui.internal.reconciliation.ScalaReconciler] - ImplicitHighlightingPresenter - Timeout while waiting for `askLoadedTyped` during semantic highlighting.
2020-04-03 14:25:43,162  WARN [org.scalaide.ui.internal.reconciliation.ScalaReconciler] - TraverserImpl$ - Skipping annotation, position length = 0, position offset = 399
2020-04-03 14:25:43,164  WARN [org.scalaide.ui.internal.reconciliation.ScalaReconciler] - TraverserImpl$ - Skipping annotation, position length = 0, position offset = 399
2020-04-03 14:25:45,755  WARN [org.scalaide.ui.internal.reconciliation.ScalaReconciler] - TraverserImpl$ - Skipping annotation, position length = 0, position offset = 399
2020-04-03 14:25:45,755  WARN [org.scalaide.ui.internal.reconciliation.ScalaReconciler] - TraverserImpl$ - Skipping annotation, position length = 0, position offset = 399
2020-04-03 14:25:52,923  WARN [org.scalaide.ui.internal.reconciliation.ScalaReconciler] - TraverserImpl$ - Skipping annotation, position length = 0, position offset = 399
2020-04-03 14:26:01,155  WARN [org.scalaide.ui.internal.reconciliation.ScalaReconciler] - TraverserImpl$ - Skipping annotation, position length = 0, position offset = 399
2020-04-03 14:26:02,185  WARN [org.scalaide.ui.internal.reconciliation.ScalaReconciler] - TraverserImpl$ - Skipping annotation, position length = 0, position offset = 399
2020-04-03 14:26:07,773  WARN [org.scalaide.ui.internal.reconciliation.ScalaReconciler] - TraverserImpl$ - Skipping annotation, position length = 0, position offset = 399
2020-04-03 14:26:10,313  WARN [org.scalaide.ui.internal.reconciliation.ScalaReconciler] - TraverserImpl$ - Skipping annotation, position length = 0, position offset = 399
2020-04-04 15:07:31,436 ERROR [Text Viewer Hover Presenter] - IScalaPresentationCompiler$ - Ignoring InterruptException
2020-04-04 15:07:31,439 ERROR [Text Viewer Hover Presenter] - IScalaPresentationCompiler$ - Ignoring InterruptException
2020-04-04 15:07:31,439 ERROR [Text Viewer Hover Presenter] - IScalaPresentationCompiler$ - Ignoring InterruptException
2020-04-04 16:06:03,884 ERROR [Text Viewer Hover Presenter] - IScalaPresentationCompiler$ - Ignoring InterruptException
2020-04-04 16:06:03,889 ERROR [Text Viewer Hover Presenter] - IScalaPresentationCompiler$ - Ignoring InterruptException
2020-04-04 16:18:54,924 ERROR [Text Viewer Hover Presenter] - IScalaPresentationCompiler$ - Ignoring InterruptException
2020-04-05 19:00:35,815  WARN [main] - ScalaProject - Project LearningScala has platform default sourceLevel.
2020-04-05 19:00:35,819  WARN [main] - ScalaProject - Project LearningScala runs on platform default installation.
2020-04-05 19:00:37,750 ERROR [Worker-4] - System.err - log4j:WARN No appenders could be found for logger (org.eclipse.jgit.util.FS).
2020-04-05 19:00:37,750 ERROR [Worker-4] - System.err - log4j:WARN Please initialize the log4j system properly.
2020-04-06 11:20:43,078  WARN [main] - ScalaProject - Project LearningScala has platform default sourceLevel.
2020-04-06 11:20:43,078  WARN [main] - ScalaProject - Project LearningScala runs on platform default installation.
2020-04-06 11:20:44,858 ERROR [Worker-4] - System.err - log4j:WARN No appenders could be found for logger (org.eclipse.jgit.util.FS).
2020-04-06 11:20:44,858 ERROR [Worker-4] - System.err - log4j:WARN Please initialize the log4j system properly.
